<?xml version="1.0" encoding="UTF-8"?>
<!-- Generated by org.testng.reporters.JUnitReportReporter -->
<testsuite hostname="Lenovo-B4GY4R1" failures="0" tests="6" name="selenium.Testing1" time="0.013" errors="0" timestamp="18 Mar. 2025 04:11:48 GMT" skipped="0">
  <testcase classname="selenium.Testing1" name="test3" time="0.008"/>
  <testcase classname="selenium.Testing1" name="f" time="0.001"/>
  <testcase classname="selenium.Testing1" name="test2" time="0.001"/>
  <testcase classname="selenium.Testing1" name="test1" time="0.000"/>
  <testcase classname="selenium.Testing1" name="f" time="0.002"/>
  <testcase classname="selenium.Testing1" name="f" time="0.001"/>
</testsuite> <!-- selenium.Testing1 -->
