<?xml version="1.0" encoding="UTF-8"?>
<!-- Generated by org.testng.reporters.JUnitReportReporter -->
<testsuite hostname="Lenovo-B4GY4R1" failures="0" tests="6" name="selenium.Tesing1" time="0.088" errors="0" timestamp="2025-01-28T19:53:47 EST" skipped="0">
  <testcase classname="selenium.Tesing1" name="f" time="0.016"/>
  <system-out/>
  <testcase classname="selenium.Tesing1" name="f" time="0.004"/>
  <system-out/>
  <testcase classname="selenium.Tesing1" name="test3" time="0.021"/>
  <system-out/>
  <testcase classname="selenium.Tesing1" name="test2" time="0.010"/>
  <system-out/>
  <testcase classname="selenium.Tesing1" name="f" time="0.026"/>
  <system-out/>
  <testcase classname="selenium.Tesing1" name="test1" time="0.011"/>
  <system-out/>
</testsuite> <!-- selenium.Tesing1 -->
